[debug] [2019-09-25T19:44:07.243Z] ----------------------------------------------------------------------
[debug] [2019-09-25T19:44:07.246Z] Command:       /usr/local/bin/node /usr/local/bin/firebase serve --only functions
[debug] [2019-09-25T19:44:07.246Z] CLI Version:   7.3.2
[debug] [2019-09-25T19:44:07.246Z] Platform:      darwin
[debug] [2019-09-25T19:44:07.247Z] Node Version:  v10.16.0
[debug] [2019-09-25T19:44:07.251Z] Time:          Wed Sep 25 2019 20:44:07 GMT+0100 (West Africa Standard Time)
[debug] [2019-09-25T19:44:07.251Z] ----------------------------------------------------------------------
[debug] 
[debug] [2019-09-25T19:44:07.263Z] > command requires scopes: ["email","openid","https://www.googleapis.com/auth/cloudplatformprojects.readonly","https://www.googleapis.com/auth/firebase","https://www.googleapis.com/auth/cloud-platform"]
[debug] [2019-09-25T19:44:07.264Z] > authorizing via signed-in user
[debug] [2019-09-25T19:44:07.264Z] [iam] checking project shecluded for permissions ["firebase.projects.get"]
[debug] [2019-09-25T19:44:07.265Z] > refreshing access token with scopes: ["email","https://www.googleapis.com/auth/cloud-platform","https://www.googleapis.com/auth/cloudplatformprojects.readonly","https://www.googleapis.com/auth/firebase","openid"]
[debug] [2019-09-25T19:44:07.266Z] >>> HTTP REQUEST POST https://www.googleapis.com/oauth2/v3/token  
 <request body omitted>
[debug] [2019-09-25T19:44:07.873Z] <<< HTTP RESPONSE 200
[debug] [2019-09-25T19:44:07.892Z] >>> HTTP REQUEST POST https://cloudresourcemanager.googleapis.com/v1/projects/shecluded:testIamPermissions  

[debug] [2019-09-25T19:44:09.535Z] <<< HTTP RESPONSE 200
[debug] [2019-09-25T19:44:09.536Z] >>> HTTP REQUEST GET https://firebase.googleapis.com/v1beta1/projects/shecluded  
 
[debug] [2019-09-25T19:44:10.248Z] <<< HTTP RESPONSE 200
[warn] ⚠  Your requested "node" version "8" doesn't match your global version "10"
[info] ✔  functions: Emulator started at http://localhost:5000
[info] i  functions: Watching "/Users/obinnaleo/Desktop/Frontend/functions" for Cloud Functions...
[debug] [2019-09-25T19:44:10.887Z] [runtime-status] Functions runtime initialized. {"cwd":"/Users/obinnaleo/Desktop/Frontend/functions","node_version":"10.16.0"}
[debug] [2019-09-25T19:44:10.887Z] [runtime-status] Disabled runtime features: {"functions_config_helper":true,"network_filtering":true,"timeout":true,"memory_limiting":true,"admin_stubs":true} {}
[debug] [2019-09-25T19:44:10.892Z] [runtime-status] Resolved module firebase-admin {"declared":true,"installed":true,"version":"8.6.0","resolution":"/Users/obinnaleo/Desktop/Frontend/functions/node_modules/firebase-admin/lib/index.js"}
[debug] [2019-09-25T19:44:10.894Z] [runtime-status] Resolved module firebase-functions {"declared":true,"installed":true,"version":"3.2.0","resolution":"/Users/obinnaleo/Desktop/Frontend/functions/node_modules/firebase-functions/lib/index.js"}
[debug] [2019-09-25T19:44:10.895Z] [runtime-status] Resolved module firebase-functions {"declared":true,"installed":true,"version":"3.2.0","resolution":"/Users/obinnaleo/Desktop/Frontend/functions/node_modules/firebase-functions/lib/index.js"}
[warn] ⚠  TypeError: Cannot read property 'key' of undefined
    at Object.<anonymous> (/Users/obinnaleo/Desktop/Frontend/functions/index.js:11:53)
    at Module._compile (internal/modules/cjs/loader.js:776:30)
    at Object.Module._extensions..js (internal/modules/cjs/loader.js:787:10)
    at Module.load (internal/modules/cjs/loader.js:653:32)
    at tryModuleLoad (internal/modules/cjs/loader.js:593:12)
    at Function.Module._load (internal/modules/cjs/loader.js:585:3)
    at Module.require (internal/modules/cjs/loader.js:690:17)
    at require (internal/modules/cjs/helpers.js:25:18)
    at /usr/local/lib/node_modules/firebase-tools/lib/emulator/functionsEmulatorRuntime.js:677:33
    at Generator.next (<anonymous>)
[warn] ⚠  We were unable to load your functions code. (see above)
